# Server version 0.08 running on wpa004219.wireless.mcgill.ca:8124
# Game ID: 1471
# Board class: bohnenspiel.BohnenspielBoard
# Timeout: 700
# First Move Timeout: 30000
# Date: Tue Apr 11 08:42:37 EDT 2017
# Player 1: Player-0, '260580792', running on localhost
# Player 2: Player-1, 'GreedyPlayer', running on localhost
START Player-0 260580792
START Player-1 GreedyPlayer
PIT 0 2
PIT 1 0
PIT 0 3
PIT 1 4
PIT 0 2
PIT 1 1
PIT 0 2
PIT 1 2
PIT 0 4
PIT 1 0
PIT 1 5
PIT 1 0
PIT 0 2
PIT 1 2
PIT 0 5
PIT 1 0
PIT 0 4
PIT 1 4
PIT 0 1
PIT 1 2
PIT 0 3
PIT 1 0
PIT 0 1
PIT 1 3
PIT 0 2
PIT 1 0
PIT 0 4
PIT 1 2
PIT 0 0
PIT 1 2
PIT 0 5
PIT 1 1
PIT 0 0
PIT 1 2
PIT 0 1
PIT 1 4
PIT 0 1
PIT 1 3
PIT 0 0
PIT 1 4
PIT 0 2
PIT 0 3
PIT 0 4
GAMEOVER DRAW         Player-0 score: 36  Player-1 score: 36
# Game ended: Tue Apr 11 08:42:47 EDT 2017
