# Server version 0.08 running on 192.168.2.16:8124
# Game ID: 1360
# Board class: bohnenspiel.BohnenspielBoard
# Timeout: 300000
# First Move Timeout: 30000
# Date: Sun Apr 09 15:06:46 EDT 2017
# Player 1: Player-0, '260580792', running on 192.168.2.16
# Player 2: Player-1, 'GreedyPlayer', running on 192.168.2.16
START Player-0 260580792
START Player-1 GreedyPlayer
PIT 0 3
PIT 1 0
PIT 0 0
PIT 1 5
PIT 1 1
PIT 1 2
PIT 0 0
PIT 1 3
PIT 0 1
PIT 1 1
PIT 0 4
PIT 1 0
PIT 0 2
PIT 1 0
PIT 0 1
PIT 1 2
PIT 0 5
PIT 1 4
PIT 0 5
PIT 1 2
PIT 0 1
PIT 1 4
PIT 0 0
PIT 1 0
PIT 0 4
PIT 1 0
PIT 0 3
PIT 1 5
PIT 0 2
PIT 1 0
PIT 0 0
PIT 1 3
PIT 0 5
PIT 1 0
PIT 0 1
PIT 0 2
PIT 0 3
PIT 1 0
PIT 0 4
PIT 1 2
PIT 0 5
PIT 1 0
GAMEOVER WINNER 1         Player-0 score: 28  Player-1 score: 44
# Game ended: Sun Apr 09 15:06:47 EDT 2017
