# Server version 0.08 running on 192.168.2.16:8124
# Game ID: 1351
# Board class: bohnenspiel.BohnenspielBoard
# Timeout: 700
# First Move Timeout: 30000
# Date: Sun Apr 09 14:06:24 EDT 2017
# Player 1: Player-0, '260580792', running on localhost
# Player 2: Player-1, 'GreedyPlayer', running on localhost
START Player-0 260580792
START Player-1 GreedyPlayer
PIT 0 0
PIT 1 0
PIT 0 1
PIT 1 5
PIT 0 4
PIT 1 5
PIT 1 3
PIT 0 3
PIT 1 2
PIT 0 5
PIT 1 2
PIT 0 3
PIT 1 1
PIT 0 0
PIT 1 2
PIT 0 5
PIT 1 4
PIT 0 4
PIT 0 3
PIT 0 4
GAMEOVER WINNER 0         Player-0 score: 56  Player-1 score: 16
# Game ended: Sun Apr 09 14:06:29 EDT 2017
