# Server version 0.08 running on hongyis-mbp.local:8124
# Game ID: 636
# Board class: bohnenspiel.BohnenspielBoard
# Timeout: 700
# First Move Timeout: 30000
# Date: Sat Apr 08 22:54:55 EDT 2017
# Player 1: Player-0, '260580792', running on localhost
# Player 2: Player-1, 'testingbot', running on localhost
START Player-0 260580792
START Player-1 testingbot
PIT 0 0
PIT 0 1
PIT 0 2
PIT 1 0
PIT 0 0
PIT 1 1
PIT 0 0
PIT 1 2
PIT 0 0
PIT 1 0
PIT 0 2
PIT 1 1
PIT 0 3
PIT 1 0
PIT 0 0
PIT 1 2
PIT 0 2
PIT 1 3
PIT 0 0
PIT 1 1
PIT 0 2
PIT 1 0
PIT 0 4
PIT 1 0
PIT 0 0
PIT 1 4
PIT 0 1
PIT 1 0
PIT 0 2
PIT 1 2
PIT 0 3
PIT 1 0
PIT 0 4
PIT 1 5
PIT 0 2
PIT 1 4
PIT 0 0
PIT 1 0
PIT 0 1
PIT 1 5
PIT 0 0
PIT 1 1
PIT 0 2
PIT 1 2
PIT 0 0
PIT 1 5
PIT 0 0
PIT 1 3
PIT 0 4
PIT 1 5
PIT 0 1
PIT 1 4
PIT 0 1
PIT 1 5
PIT 0 3
GAMEOVER WINNER 0         Player-0 score: 44  Player-1 score: 28
# Game ended: Sat Apr 08 22:54:55 EDT 2017
