# Server version 0.08 running on 192.168.2.16:8124
# Game ID: 94
# Board class: bohnenspiel.BohnenspielBoard
# Timeout: 700
# First Move Timeout: 30000
# Date: Sat Apr 08 14:10:18 EDT 2017
# Player 1: Player-0, '260580792', running on localhost
# Player 2: Player-1, 'RandomPlayer', running on localhost
START Player-0 260580792
START Player-1 RandomPlayer
PIT 0 4
PIT 1 5
PIT 0 4
PIT 1 2
PIT 0 5
PIT 1 0
PIT 0 1
PIT 0 5
PIT 1 4
PIT 0 1
PIT 0 5
PIT 1 5
PIT 0 4
PIT 1 3
PIT 0 5
PIT 1 4
PIT 0 2
PIT 1 1
PIT 0 5
PIT 1 4
PIT 0 3
PIT 1 3
PIT 0 2
PIT 1 1
PIT 0 4
PIT 1 0
PIT 0 3
PIT 1 1
PIT 0 1
PIT 1 5
PIT 1 2
PIT 0 2
PIT 1 3
PIT 0 0
PIT 1 0
PIT 0 0
PIT 1 4
PIT 0 2
PIT 1 5
PIT 0 0
GAMEOVER WINNER 0         Player-0 score: 50  Player-1 score: 22
# Game ended: Sat Apr 08 14:10:18 EDT 2017
